<?xml version="1.0" encoding="UTF-8"?>
<testsuite xmlns:xsi="http://www.w3.org/2001/XMLSchema-instance" xsi:noNamespaceSchemaLocation="https://maven.apache.org/surefire/maven-surefire-plugin/xsd/surefire-test-report.xsd" name="ConnTest" time="0.389" tests="1" errors="0" skipped="0" failures="0">
  <properties>
    <property name="sun.desktop" value="windows"/>
    <property name="awt.toolkit" value="sun.awt.windows.WToolkit"/>
    <property name="file.encoding.pkg" value="sun.io"/>
    <property name="java.specification.version" value="1.8"/>
    <property name="sun.cpu.isalist" value="amd64"/>
    <property name="sun.jnu.encoding" value="GBK"/>
    <property name="java.class.path" value="D:\IdeaProjects\Y2\spring_smbms\target\test-classes;D:\IdeaProjects\Y2\spring_smbms\target\classes;d:\repository\junit\junit\4.11\junit-4.11.jar;d:\repository\org\hamcrest\hamcrest-core\1.3\hamcrest-core-1.3.jar;d:\repository\javax\servlet\javax.servlet-api\3.0.1\javax.servlet-api-3.0.1.jar;d:\repository\org\jsoup\jsoup\1.8.3\jsoup-1.8.3.jar;d:\repository\javax\javaee-api\7.0\javaee-api-7.0.jar;d:\repository\com\sun\mail\javax.mail\1.5.0\javax.mail-1.5.0.jar;d:\repository\javax\activation\activation\1.1\activation-1.1.jar;d:\repository\org\aspectj\aspectjweaver\1.8.4\aspectjweaver-1.8.4.jar;d:\repository\org\springframework\spring-core\4.0.4.RELEASE\spring-core-4.0.4.RELEASE.jar;d:\repository\commons-logging\commons-logging\1.1.3\commons-logging-1.1.3.jar;d:\repository\org\springframework\spring-web\4.0.4.RELEASE\spring-web-4.0.4.RELEASE.jar;d:\repository\org\springframework\spring-beans\4.0.4.RELEASE\spring-beans-4.0.4.RELEASE.jar;d:\repository\org\springframework\spring-context\4.0.4.RELEASE\spring-context-4.0.4.RELEASE.jar;d:\repository\org\springframework\spring-oxm\4.0.4.RELEASE\spring-oxm-4.0.4.RELEASE.jar;d:\repository\org\springframework\spring-tx\4.0.4.RELEASE\spring-tx-4.0.4.RELEASE.jar;d:\repository\org\springframework\spring-jdbc\4.0.4.RELEASE\spring-jdbc-4.0.4.RELEASE.jar;d:\repository\org\springframework\spring-webmvc\4.0.4.RELEASE\spring-webmvc-4.0.4.RELEASE.jar;d:\repository\org\springframework\spring-expression\4.0.4.RELEASE\spring-expression-4.0.4.RELEASE.jar;d:\repository\org\springframework\spring-aop\4.0.4.RELEASE\spring-aop-4.0.4.RELEASE.jar;d:\repository\aopalliance\aopalliance\1.0\aopalliance-1.0.jar;d:\repository\org\springframework\spring-context-support\4.0.4.RELEASE\spring-context-support-4.0.4.RELEASE.jar;d:\repository\org\springframework\spring-test\4.0.4.RELEASE\spring-test-4.0.4.RELEASE.jar;d:\repository\org\mybatis\mybatis\3.2.6\mybatis-3.2.6.jar;d:\repository\org\mybatis\mybatis-spring\1.2.2\mybatis-spring-1.2.2.jar;d:\repository\org\mybatis\generator\mybatis-generator-core\1.3.6\mybatis-generator-core-1.3.6.jar;d:\repository\mysql\mysql-connector-java\5.1.47\mysql-connector-java-5.1.47.jar;d:\repository\commons-fileupload\commons-fileupload\1.3.1\commons-fileupload-1.3.1.jar;d:\repository\commons-io\commons-io\2.4\commons-io-2.4.jar;d:\repository\commons-codec\commons-codec\1.9\commons-codec-1.9.jar;d:\repository\commons-dbcp\commons-dbcp\1.2.2\commons-dbcp-1.2.2.jar;d:\repository\commons-lang\commons-lang\2.6\commons-lang-2.6.jar;d:\repository\commons-pool\commons-pool\1.5.6\commons-pool-1.5.6.jar;d:\repository\commons-logging\commons-logging-api\1.1\commons-logging-api-1.1.jar;d:\repository\jstl\jstl\1.2\jstl-1.2.jar;d:\repository\org\glassfish\web\javax.servlet.jsp.jstl\1.2.2\javax.servlet.jsp.jstl-1.2.2.jar;d:\repository\javax\servlet\jsp\jstl\jstl-api\1.2\jstl-api-1.2.jar;d:\repository\javax\servlet\servlet-api\2.5\servlet-api-2.5.jar;d:\repository\javax\servlet\jsp\jsp-api\2.1\jsp-api-2.1.jar;d:\repository\com\alibaba\fastjson\1.2.50\fastjson-1.2.50.jar;d:\repository\log4j\log4j\1.2.17\log4j-1.2.17.jar;d:\repository\org\slf4j\slf4j-nop\1.7.2\slf4j-nop-1.7.2.jar;d:\repository\org\slf4j\slf4j-api\1.7.2\slf4j-api-1.7.2.jar;d:\repository\redis\clients\jedis\3.0.1\jedis-3.0.1.jar;d:\repository\org\apache\commons\commons-pool2\2.4.3\commons-pool2-2.4.3.jar;d:\repository\org\springframework\data\spring-data-redis\2.2.4.RELEASE\spring-data-redis-2.2.4.RELEASE.jar;d:\repository\org\springframework\data\spring-data-keyvalue\2.2.4.RELEASE\spring-data-keyvalue-2.2.4.RELEASE.jar;d:\repository\org\springframework\data\spring-data-commons\2.2.4.RELEASE\spring-data-commons-2.2.4.RELEASE.jar;d:\repository\org\hibernate\hibernate-validator\4.3.2.Final\hibernate-validator-4.3.2.Final.jar;d:\repository\org\jboss\logging\jboss-logging\3.1.0.CR2\jboss-logging-3.1.0.CR2.jar;d:\repository\javax\validation\validation-api\1.0.0.GA\validation-api-1.0.0.GA.jar;d:\repository\com\fasterxml\jackson\core\jackson-core\2.10.3\jackson-core-2.10.3.jar;d:\repository\com\fasterxml\jackson\core\jackson-annotations\2.9.8\jackson-annotations-2.9.8.jar;d:\repository\com\fasterxml\jackson\core\jackson-databind\2.10.0\jackson-databind-2.10.0.jar;"/>
    <property name="java.vm.vendor" value="Oracle Corporation"/>
    <property name="sun.arch.data.model" value="64"/>
    <property name="user.variant" value=""/>
    <property name="java.vendor.url" value="http://java.oracle.com/"/>
    <property name="user.timezone" value="Asia/Shanghai"/>
    <property name="java.vm.specification.version" value="1.8"/>
    <property name="os.name" value="Windows 10"/>
    <property name="user.country" value="CN"/>
    <property name="sun.java.launcher" value="SUN_STANDARD"/>
    <property name="sun.boot.library.path" value="D:\Program Files\Java\jdk1.8.0_241\jre\bin"/>
    <property name="sun.java.command" value="C:\Users\HP\AppData\Local\Temp\surefire1636647005619901881\surefirebooter8094507213168082428.jar C:\Users\HP\AppData\Local\Temp\surefire1636647005619901881 2020-10-20T15-38-53_555-jvmRun1 surefire4564621710582047558tmp surefire_09005979658781975833tmp"/>
    <property name="surefire.test.class.path" value="D:\IdeaProjects\Y2\spring_smbms\target\test-classes;D:\IdeaProjects\Y2\spring_smbms\target\classes;d:\repository\junit\junit\4.11\junit-4.11.jar;d:\repository\org\hamcrest\hamcrest-core\1.3\hamcrest-core-1.3.jar;d:\repository\javax\servlet\javax.servlet-api\3.0.1\javax.servlet-api-3.0.1.jar;d:\repository\org\jsoup\jsoup\1.8.3\jsoup-1.8.3.jar;d:\repository\javax\javaee-api\7.0\javaee-api-7.0.jar;d:\repository\com\sun\mail\javax.mail\1.5.0\javax.mail-1.5.0.jar;d:\repository\javax\activation\activation\1.1\activation-1.1.jar;d:\repository\org\aspectj\aspectjweaver\1.8.4\aspectjweaver-1.8.4.jar;d:\repository\org\springframework\spring-core\4.0.4.RELEASE\spring-core-4.0.4.RELEASE.jar;d:\repository\commons-logging\commons-logging\1.1.3\commons-logging-1.1.3.jar;d:\repository\org\springframework\spring-web\4.0.4.RELEASE\spring-web-4.0.4.RELEASE.jar;d:\repository\org\springframework\spring-beans\4.0.4.RELEASE\spring-beans-4.0.4.RELEASE.jar;d:\repository\org\springframework\spring-context\4.0.4.RELEASE\spring-context-4.0.4.RELEASE.jar;d:\repository\org\springframework\spring-oxm\4.0.4.RELEASE\spring-oxm-4.0.4.RELEASE.jar;d:\repository\org\springframework\spring-tx\4.0.4.RELEASE\spring-tx-4.0.4.RELEASE.jar;d:\repository\org\springframework\spring-jdbc\4.0.4.RELEASE\spring-jdbc-4.0.4.RELEASE.jar;d:\repository\org\springframework\spring-webmvc\4.0.4.RELEASE\spring-webmvc-4.0.4.RELEASE.jar;d:\repository\org\springframework\spring-expression\4.0.4.RELEASE\spring-expression-4.0.4.RELEASE.jar;d:\repository\org\springframework\spring-aop\4.0.4.RELEASE\spring-aop-4.0.4.RELEASE.jar;d:\repository\aopalliance\aopalliance\1.0\aopalliance-1.0.jar;d:\repository\org\springframework\spring-context-support\4.0.4.RELEASE\spring-context-support-4.0.4.RELEASE.jar;d:\repository\org\springframework\spring-test\4.0.4.RELEASE\spring-test-4.0.4.RELEASE.jar;d:\repository\org\mybatis\mybatis\3.2.6\mybatis-3.2.6.jar;d:\repository\org\mybatis\mybatis-spring\1.2.2\mybatis-spring-1.2.2.jar;d:\repository\org\mybatis\generator\mybatis-generator-core\1.3.6\mybatis-generator-core-1.3.6.jar;d:\repository\mysql\mysql-connector-java\5.1.47\mysql-connector-java-5.1.47.jar;d:\repository\commons-fileupload\commons-fileupload\1.3.1\commons-fileupload-1.3.1.jar;d:\repository\commons-io\commons-io\2.4\commons-io-2.4.jar;d:\repository\commons-codec\commons-codec\1.9\commons-codec-1.9.jar;d:\repository\commons-dbcp\commons-dbcp\1.2.2\commons-dbcp-1.2.2.jar;d:\repository\commons-lang\commons-lang\2.6\commons-lang-2.6.jar;d:\repository\commons-pool\commons-pool\1.5.6\commons-pool-1.5.6.jar;d:\repository\commons-logging\commons-logging-api\1.1\commons-logging-api-1.1.jar;d:\repository\jstl\jstl\1.2\jstl-1.2.jar;d:\repository\org\glassfish\web\javax.servlet.jsp.jstl\1.2.2\javax.servlet.jsp.jstl-1.2.2.jar;d:\repository\javax\servlet\jsp\jstl\jstl-api\1.2\jstl-api-1.2.jar;d:\repository\javax\servlet\servlet-api\2.5\servlet-api-2.5.jar;d:\repository\javax\servlet\jsp\jsp-api\2.1\jsp-api-2.1.jar;d:\repository\com\alibaba\fastjson\1.2.50\fastjson-1.2.50.jar;d:\repository\log4j\log4j\1.2.17\log4j-1.2.17.jar;d:\repository\org\slf4j\slf4j-nop\1.7.2\slf4j-nop-1.7.2.jar;d:\repository\org\slf4j\slf4j-api\1.7.2\slf4j-api-1.7.2.jar;d:\repository\redis\clients\jedis\3.0.1\jedis-3.0.1.jar;d:\repository\org\apache\commons\commons-pool2\2.4.3\commons-pool2-2.4.3.jar;d:\repository\org\springframework\data\spring-data-redis\2.2.4.RELEASE\spring-data-redis-2.2.4.RELEASE.jar;d:\repository\org\springframework\data\spring-data-keyvalue\2.2.4.RELEASE\spring-data-keyvalue-2.2.4.RELEASE.jar;d:\repository\org\springframework\data\spring-data-commons\2.2.4.RELEASE\spring-data-commons-2.2.4.RELEASE.jar;d:\repository\org\hibernate\hibernate-validator\4.3.2.Final\hibernate-validator-4.3.2.Final.jar;d:\repository\org\jboss\logging\jboss-logging\3.1.0.CR2\jboss-logging-3.1.0.CR2.jar;d:\repository\javax\validation\validation-api\1.0.0.GA\validation-api-1.0.0.GA.jar;d:\repository\com\fasterxml\jackson\core\jackson-core\2.10.3\jackson-core-2.10.3.jar;d:\repository\com\fasterxml\jackson\core\jackson-annotations\2.9.8\jackson-annotations-2.9.8.jar;d:\repository\com\fasterxml\jackson\core\jackson-databind\2.10.0\jackson-databind-2.10.0.jar;"/>
    <property name="sun.cpu.endian" value="little"/>
    <property name="user.home" value="C:\Users\HP"/>
    <property name="user.language" value="zh"/>
    <property name="java.specification.vendor" value="Oracle Corporation"/>
    <property name="java.home" value="D:\Program Files\Java\jdk1.8.0_241\jre"/>
    <property name="basedir" value="D:\IdeaProjects\Y2\spring_smbms"/>
    <property name="file.separator" value="\"/>
    <property name="line.separator" value="&#10;"/>
    <property name="java.vm.specification.vendor" value="Oracle Corporation"/>
    <property name="java.specification.name" value="Java Platform API Specification"/>
    <property name="java.awt.graphicsenv" value="sun.awt.Win32GraphicsEnvironment"/>
    <property name="surefire.real.class.path" value="C:\Users\HP\AppData\Local\Temp\surefire1636647005619901881\surefirebooter8094507213168082428.jar"/>
    <property name="sun.boot.class.path" value="D:\Program Files\Java\jdk1.8.0_241\jre\lib\resources.jar;D:\Program Files\Java\jdk1.8.0_241\jre\lib\rt.jar;D:\Program Files\Java\jdk1.8.0_241\jre\lib\sunrsasign.jar;D:\Program Files\Java\jdk1.8.0_241\jre\lib\jsse.jar;D:\Program Files\Java\jdk1.8.0_241\jre\lib\jce.jar;D:\Program Files\Java\jdk1.8.0_241\jre\lib\charsets.jar;D:\Program Files\Java\jdk1.8.0_241\jre\lib\jfr.jar;D:\Program Files\Java\jdk1.8.0_241\jre\classes"/>
    <property name="user.script" value=""/>
    <property name="sun.management.compiler" value="HotSpot 64-Bit Tiered Compilers"/>
    <property name="java.runtime.version" value="1.8.0_241-b07"/>
    <property name="user.name" value="HP"/>
    <property name="path.separator" value=";"/>
    <property name="os.version" value="10.0"/>
    <property name="java.endorsed.dirs" value="D:\Program Files\Java\jdk1.8.0_241\jre\lib\endorsed"/>
    <property name="java.runtime.name" value="Java(TM) SE Runtime Environment"/>
    <property name="file.encoding" value="GBK"/>
    <property name="java.vm.name" value="Java HotSpot(TM) 64-Bit Server VM"/>
    <property name="localRepository" value="d:\repository"/>
    <property name="java.vendor.url.bug" value="http://bugreport.sun.com/bugreport/"/>
    <property name="java.io.tmpdir" value="C:\Users\HP\AppData\Local\Temp\"/>
    <property name="idea.version" value="2020.2.1"/>
    <property name="java.version" value="1.8.0_241"/>
    <property name="user.dir" value="D:\IdeaProjects\Y2\spring_smbms"/>
    <property name="os.arch" value="amd64"/>
    <property name="java.vm.specification.name" value="Java Virtual Machine Specification"/>
    <property name="java.awt.printerjob" value="sun.awt.windows.WPrinterJob"/>
    <property name="sun.os.patch.level" value=""/>
    <property name="java.library.path" value="D:\Program Files\Java\jdk1.8.0_241\jre\bin;C:\WINDOWS\Sun\Java\bin;C:\WINDOWS\system32;C:\WINDOWS;C:\Program Files (x86)\Common Files\Intel\Shared Libraries\redist\intel64\compiler;C:\Program Files (x86)\Common Files\Oracle\Java\javapath;D:\Program Files (x86)\NetSarang\Xftp 6\;D:\Program Files (x86)\NetSarang\Xshell 6\;C:\WINDOWS\system32;C:\WINDOWS;C:\WINDOWS\System32\Wbem;C:\WINDOWS\System32\WindowsPowerShell\v1.0\;C:\WINDOWS\System32\OpenSSH\;D:\Program Files\Java\jdk1.8.0_241\bin;C:\Program Files\Java\jdk-12.0.2\bin;D:\mysql-8.0.18-winx64\bin;C:\Program Files\Microsoft SQL Server\130\Tools\Binn\;C:\Program Files\Microsoft SQL Server\Client SDK\ODBC\170\Tools\Binn\;C:\Program Files\Git\cmd;D:\Program Files\nodejs\node_global;D:\apache-maven-3.6.3\bin;D:\Program Files\Java\jdk1.8.0_241\bin;C:\Program Files (x86)\MySQL\MySQL Server 5.5\bin;C:\Program Files\Microsoft SQL Server\Client SDK\ODBC\130\Tools\Binn\;C:\Program Files (x86)\Microsoft SQL Server\140\Tools\Binn\;C:\Program Files\Microsoft SQL Server\140\Tools\Binn\;C:\Program Files\Microsoft SQL Server\140\DTS\Binn\;C:\Program Files (x86)\Microsoft SQL Server\150\DTS\Binn\;C:\Program Files\dotnet\;D:\Program Files\nodejs\;C:\Users\HP\.windows-build-tools\python27\;C:\Users\HP\AppData\Local\Programs\Python\Python37\Scripts\;C:\Users\HP\AppData\Local\Programs\Python\Python37\;C:\Users\HP\AppData\Local\Microsoft\WindowsApps;D:\IntelliJ IDEA 2019.2.2\bin;C:\Users\HP\AppData\Local\GitHubDesktop\bin;C:\Users\HP\AppData\Local\BypassRuntm;C:\Users\HP\AppData\Roaming\npm;C:\Users\HP\AppData\Local\Programs\Microsoft VS Code\bin;D:\Program Files\JetBrains\WebStorm 2020.1.2\bin;;C:\Users\HP\AppData\Local\Microsoft\WindowsApps;;D:\IntelliJ IDEA 2020.2.1\bin;;."/>
    <property name="java.vm.info" value="mixed mode"/>
    <property name="java.vendor" value="Oracle Corporation"/>
    <property name="java.vm.version" value="25.241-b07"/>
    <property name="java.ext.dirs" value="D:\Program Files\Java\jdk1.8.0_241\jre\lib\ext;C:\WINDOWS\Sun\Java\lib\ext"/>
    <property name="sun.io.unicode.encoding" value="UnicodeLittle"/>
    <property name="java.class.version" value="52.0"/>
  </properties>
  <testcase name="test1" classname="ConnTest" time="0.353"/>
</testsuite>